INFO [2020-11-19 09:52:32] [[1]]
INFO [2020-11-19 09:52:32] list(DMR = a, IMR = b)
INFO [2020-11-19 09:52:32] 
INFO [2020-11-19 09:52:32] $filename
INFO [2020-11-19 09:52:32] [1] "DMR_IMR.tiff"
INFO [2020-11-19 09:52:32] 
INFO [2020-11-19 09:52:32] $height
INFO [2020-11-19 09:52:32] [1] 3000
INFO [2020-11-19 09:52:32] 
INFO [2020-11-19 09:52:32] $width
INFO [2020-11-19 09:52:32] [1] 3000
INFO [2020-11-19 09:52:32] 
INFO [2020-11-19 09:52:32] $resolution
INFO [2020-11-19 09:52:32] [1] 500
INFO [2020-11-19 09:52:32] 
INFO [2020-11-19 09:52:32] $col
INFO [2020-11-19 09:52:32] [1] "transparent"
INFO [2020-11-19 09:52:32] 
INFO [2020-11-19 09:52:32] $fill
INFO [2020-11-19 09:52:32] c("red", "blue")
INFO [2020-11-19 09:52:32] 
INFO [2020-11-19 09:52:32] $alpha
INFO [2020-11-19 09:52:32] [1] 0.5
INFO [2020-11-19 09:52:32] 
INFO [2020-11-19 09:52:32] $label.col
INFO [2020-11-19 09:52:32] c("darkred", "white", "darkblue")
INFO [2020-11-19 09:52:32] 
INFO [2020-11-19 09:52:32] $cex
INFO [2020-11-19 09:52:32] [1] 2.5
INFO [2020-11-19 09:52:32] 
INFO [2020-11-19 09:52:32] $fontfamily
INFO [2020-11-19 09:52:32] [1] "serif"
INFO [2020-11-19 09:52:32] 
INFO [2020-11-19 09:52:32] $fontface
INFO [2020-11-19 09:52:32] [1] "bold"
INFO [2020-11-19 09:52:32] 
INFO [2020-11-19 09:52:32] $cat.default.pos
INFO [2020-11-19 09:52:32] [1] "outer"
INFO [2020-11-19 09:52:32] 
INFO [2020-11-19 09:52:32] $cat.cex
INFO [2020-11-19 09:52:32] [1] 2
INFO [2020-11-19 09:52:32] 
INFO [2020-11-19 09:52:32] $cat.fontfamily
INFO [2020-11-19 09:52:32] [1] "serif"
INFO [2020-11-19 09:52:32] 
INFO [2020-11-19 09:52:32] $cat.dist
INFO [2020-11-19 09:52:32] c(-0.05, -0.02)
INFO [2020-11-19 09:52:32] 
